<?xml version="1.0" encoding="UTF-8"?>
<testsuite name="com.kjh.web.springboot.web.HelloControllerTest" tests="2" skipped="0" failures="0" errors="0" timestamp="2020-06-15T13:32:13" hostname="DESKTOP-ABC1QLL" time="0.176">
  <properties/>
  <testcase name="hello가_리턴된다" classname="com.kjh.web.springboot.web.HelloControllerTest" time="0.076"/>
  <testcase name="helloDto가_리턴된다" classname="com.kjh.web.springboot.web.HelloControllerTest" time="0.1"/>
  <system-out><![CDATA[2020-06-15 22:32:11.898  INFO 12836 --- [    Test worker] .b.t.a.w.s.WebMvcTestContextBootstrapper : Neither @ContextConfiguration nor @ContextHierarchy found for test class [com.kjh.web.springboot.web.HelloControllerTest], using SpringBootContextLoader
2020-06-15 22:32:11.900  INFO 12836 --- [    Test worker] o.s.t.c.support.AbstractContextLoader    : Could not detect default resource locations for test class [com.kjh.web.springboot.web.HelloControllerTest]: no resource found for suffixes {-context.xml, Context.groovy}.
2020-06-15 22:32:11.900  INFO 12836 --- [    Test worker] t.c.s.AnnotationConfigContextLoaderUtils : Could not detect default configuration classes for test class [com.kjh.web.springboot.web.HelloControllerTest]: HelloControllerTest does not declare any static, non-private, non-final, nested classes annotated with @Configuration.
2020-06-15 22:32:11.926  INFO 12836 --- [    Test worker] .b.t.c.SpringBootTestContextBootstrapper : Found @SpringBootConfiguration com.kjh.web.springboot.Application for test class com.kjh.web.springboot.web.HelloControllerTest
2020-06-15 22:32:11.926  INFO 12836 --- [    Test worker] .b.t.a.w.s.WebMvcTestContextBootstrapper : Loaded default TestExecutionListener class names from location [META-INF/spring.factories]: [org.springframework.security.test.context.support.WithSecurityContextTestExecutionListener, org.springframework.security.test.context.support.ReactorContextTestExecutionListener, org.springframework.boot.test.autoconfigure.restdocs.RestDocsTestExecutionListener, org.springframework.boot.test.autoconfigure.web.client.MockRestServiceServerResetTestExecutionListener, org.springframework.boot.test.autoconfigure.web.servlet.MockMvcPrintOnlyOnFailureTestExecutionListener, org.springframework.boot.test.autoconfigure.web.servlet.WebDriverTestExecutionListener, org.springframework.boot.test.mock.mockito.MockitoTestExecutionListener, org.springframework.boot.test.mock.mockito.ResetMocksTestExecutionListener, org.springframework.test.context.web.ServletTestExecutionListener, org.springframework.test.context.support.DirtiesContextBeforeModesTestExecutionListener, org.springframework.test.context.support.DependencyInjectionTestExecutionListener, org.springframework.test.context.support.DirtiesContextTestExecutionListener, org.springframework.test.context.transaction.TransactionalTestExecutionListener, org.springframework.test.context.jdbc.SqlScriptsTestExecutionListener]
2020-06-15 22:32:11.927  INFO 12836 --- [    Test worker] .b.t.a.w.s.WebMvcTestContextBootstrapper : Using TestExecutionListeners: [org.springframework.test.context.web.ServletTestExecutionListener@49de076b, org.springframework.test.context.support.DirtiesContextBeforeModesTestExecutionListener@20a59177, org.springframework.boot.test.mock.mockito.MockitoTestExecutionListener@63ed74ef, org.springframework.boot.test.autoconfigure.SpringBootDependencyInjectionTestExecutionListener@7f1abc0a, org.springframework.test.context.support.DirtiesContextTestExecutionListener@46c619dd, org.springframework.test.context.transaction.TransactionalTestExecutionListener@4a64065b, org.springframework.test.context.jdbc.SqlScriptsTestExecutionListener@42a649f4, org.springframework.security.test.context.support.WithSecurityContextTestExecutionListener@68764746, org.springframework.security.test.context.support.ReactorContextTestExecutionListener@1e88a364, org.springframework.boot.test.autoconfigure.restdocs.RestDocsTestExecutionListener@74b42830, org.springframework.boot.test.autoconfigure.web.client.MockRestServiceServerResetTestExecutionListener@4ad26bb, org.springframework.boot.test.autoconfigure.web.servlet.MockMvcPrintOnlyOnFailureTestExecutionListener@5ebb0d1f, org.springframework.boot.test.autoconfigure.web.servlet.WebDriverTestExecutionListener@573062f, org.springframework.boot.test.mock.mockito.ResetMocksTestExecutionListener@50534b19]

  .   ____          _            __ _ _
 /\\ / ___'_ __ _ _(_)_ __  __ _ \ \ \ \
( ( )\___ | '_ | '_| | '_ \/ _` | \ \ \ \
 \\/  ___)| |_)| | | | | || (_| |  ) ) ) )
  '  |____| .__|_| |_|_| |_\__, | / / / /
 =========|_|==============|___/=/_/_/_/
 :: Spring Boot ::        (v2.1.7.RELEASE)

2020-06-15 22:32:11.979  INFO 12836 --- [    Test worker] c.k.w.s.web.HelloControllerTest          : Starting HelloControllerTest on DESKTOP-ABC1QLL with PID 12836 (started by kjh in C:\springboot\project\kjh-springboot-webservice)
2020-06-15 22:32:11.979  INFO 12836 --- [    Test worker] c.k.w.s.web.HelloControllerTest          : No active profile set, falling back to default profiles: default
2020-06-15 22:32:12.555  INFO 12836 --- [    Test worker] o.s.s.concurrent.ThreadPoolTaskExecutor  : Initializing ExecutorService 'applicationTaskExecutor'
2020-06-15 22:32:12.598  INFO 12836 --- [    Test worker] o.s.b.a.w.s.WelcomePageHandlerMapping    : Adding welcome page template: index
2020-06-15 22:32:12.893  INFO 12836 --- [    Test worker] .s.s.UserDetailsServiceAutoConfiguration : 

Using generated security password: 87c3178d-5f11-4372-8bef-e4ea7f3c22c1

2020-06-15 22:32:13.093  INFO 12836 --- [    Test worker] o.s.s.web.DefaultSecurityFilterChain     : Creating filter chain: any request, [org.springframework.security.web.context.request.async.WebAsyncManagerIntegrationFilter@2b3fdc5a, org.springframework.security.web.context.SecurityContextPersistenceFilter@7cf0d09a, org.springframework.security.web.header.HeaderWriterFilter@3b8c41ce, org.springframework.security.web.csrf.CsrfFilter@e50f2e1, org.springframework.security.web.authentication.logout.LogoutFilter@aaef043, org.springframework.security.web.authentication.UsernamePasswordAuthenticationFilter@70ab22b2, org.springframework.security.web.authentication.ui.DefaultLoginPageGeneratingFilter@74ec1895, org.springframework.security.web.authentication.ui.DefaultLogoutPageGeneratingFilter@2889e736, org.springframework.security.web.authentication.www.BasicAuthenticationFilter@627e1efd, org.springframework.security.web.savedrequest.RequestCacheAwareFilter@c0964ae, org.springframework.security.web.servletapi.SecurityContextHolderAwareRequestFilter@5552d6d0, org.springframework.security.web.authentication.AnonymousAuthenticationFilter@3a128d2c, org.springframework.security.web.session.SessionManagementFilter@32c26ba4, org.springframework.security.web.access.ExceptionTranslationFilter@1f1df298, org.springframework.security.web.access.intercept.FilterSecurityInterceptor@7dfd97cf]
2020-06-15 22:32:13.139  INFO 12836 --- [    Test worker] o.s.b.t.m.w.SpringBootMockServletContext : Initializing Spring TestDispatcherServlet ''
2020-06-15 22:32:13.139  INFO 12836 --- [    Test worker] o.s.t.web.servlet.TestDispatcherServlet  : Initializing Servlet ''
2020-06-15 22:32:13.156  INFO 12836 --- [    Test worker] o.s.t.web.servlet.TestDispatcherServlet  : Completed initialization in 17 ms
2020-06-15 22:32:13.194  INFO 12836 --- [    Test worker] c.k.w.s.web.HelloControllerTest          : Started HelloControllerTest in 1.265 seconds (JVM running for 10.696)
]]></system-out>
  <system-err><![CDATA[]]></system-err>
</testsuite>
